#
# A fatal error has been detected by the Java Runtime Environment:
#
#  EXCEPTION_ACCESS_VIOLATION (0xc0000005) at pc=0x000001810d4c8656, pid=76912, tid=74824
#
# JRE version: OpenJDK Runtime Environment (17.0.2+8) (build 17.0.2+8-86)
# Java VM: OpenJDK 64-Bit Server VM (17.0.2+8-86, mixed mode, sharing, tiered, compressed oops, compressed class ptrs, g1 gc, windows-amd64)
# Problematic frame:
# J 1252 c1 java.nio.DirectByteBuffer.get(I)B java.base@17.0.2 (34 bytes) @ 0x000001810d4c8656 [0x000001810d4c8240+0x0000000000000416]
#
# No core dump will be written. Minidumps are not enabled by default on client versions of Windows
#
# If you would like to submit a bug report, please visit:
#   https://bugreport.java.com/bugreport/crash.jsp
#

---------------  S U M M A R Y ------------

Command Line: -javaagent:C:\Program Files\JetBrains\IntelliJ IDEA Community Edition 2021.3.1\lib\idea_rt.jar=63164:C:\Program Files\JetBrains\IntelliJ IDEA Community Edition 2021.3.1\bin -Dfile.encoding=UTF-8 --module-path=C:\Users\hansu\.m2\repository\uk\co\caprica\vlcj-javafx\1.1.0\vlcj-javafx-1.1.0.jar;C:\Users\hansu\.m2\repository\com\jfoenix\jfoenix\9.0.10\jfoenix-9.0.10.jar;C:\Users\hansu\.m2\repository\org\jcodec\jcodec\0.2.5\jcodec-0.2.5.jar;C:\Users\hansu\.m2\repository\org\bytedeco\tesseract\5.0.1-1.5.7\tesseract-5.0.1-1.5.7.jar;C:\Users\hansu\.m2\repository\io\github\palexdev\materialfx\11.13.5\materialfx-11.13.5.jar;C:\Users\hansu\.m2\repository\org\bytedeco\libdc1394\2.2.6-1.5.7\libdc1394-2.2.6-1.5.7.jar;C:\Users\hansu\.m2\repository\org\bytedeco\ffmpeg\5.0-1.5.7\ffmpeg-5.0-1.5.7.jar;C:\Users\hansu\.m2\repository\org\bytedeco\libfreenect2\0.2.0-1.5.7\libfreenect2-0.2.0-1.5.7.jar;C:\Users\hansu\.m2\repository\uk\co\caprica\vlcj-natives\4.7.0\vlcj-natives-4.7.0.jar;C:\Users\hansu\.m2\repository\org\openjfx\javafx-base\17.0.2\javafx-base-17.0.2-win.jar;C:\Users\hansu\.m2\repository\org\openjfx\javafx-controls\17.0.2\javafx-controls-17.0.2-win.jar;C:\Users\hansu\.m2\repository\org\bytedeco\opencv\4.5.5-1.5.7\opencv-4.5.5-1.5.7.jar;C:\Users\hansu\git\javafx-media-player-new\target\classes;C:\Users\hansu\.m2\repository\org\openjfx\javafx-graphics\17.0.2\javafx-graphics-17.0.2-win.jar;C:\Users\hansu\.m2\repository\io\github\palexdev\virtualizedfx\11.2.6\virtualizedfx-11.2.6.jar;C:\Users\hansu\.m2\repository\org\bytedeco\artoolkitplus\2.3.1-1.5.7\artoolkitplus-2.3.1-1.5.7.jar;C:\Users\hansu\.m2\repository\org\bytedeco\librealsense\1.12.4-1.5.7\librealsense-1.12.4-1.5.7.jar;C:\Users\hansu\.m2\repository\org\bytedeco\videoinput\0.200-1.5.7\videoinput-0.200-1.5.7.jar;C:\Users\hansu\.m2\repository\org\bytedeco\javacv\1.5.7\javacv-1.5.7.jar;C:\Users\hansu\.m2\repository\org\bytedeco\libfreenect\0.5.7-1.5.7\libfreenect-0.5.7-1.5.7.jar;C:\Users\hansu\.m2\repository\uk\co\caprica\vlcj\4.7.3\vlcj-4.7.3.jar;C:\Users\hansu\.m2\repository\org\openjfx\javafx-fxml\17.0.2\javafx-fxml-17.0.2-win.jar;C:\Users\hansu\.m2\repository\org\bytedeco\openblas\0.3.19-1.5.7\openblas-0.3.19-1-Djdk.module.main=hans hans/hans.App

Host: AMD Ryzen 7 4700U with Radeon Graphics         , 8 cores, 15G,  Windows 11 , 64 bit Build 22000 (10.0.22000.708)
Time: Wed Aug 24 20:03:32 2022 FLE Daylight Time elapsed time: 7.230681 seconds (0d 0h 0m 7s)

---------------  T H R E A D  ---------------

Current thread (0x0000018128a445c0):  JavaThread "JavaFX Application Thread" [_thread_in_Java, id=74824, stack(0x0000001925f00000,0x0000001926000000)]

Stack: [0x0000001925f00000,0x0000001926000000],  sp=0x0000001925ffc4d0,  free space=1009k
Native frames: (J=compiled Java code, j=interpreted, Vv=VM code, C=native code)
C  0x000001810d4c8656


siginfo: EXCEPTION_ACCESS_VIOLATION (0xc0000005), reading address 0x000001813ef8d4c0


Register to memory mapping:

RIP=0x000001810d4c8656 is at entry_point+1046 in (nmethod*)0x000001810d4c8010
RAX=0x000001813ef8d4c0 is an unknown value
RBX=0x0000000000020a90 is an unknown value
RCX=0x000000070daddaf8 is an oop: java.nio.DirectByteBuffer 
{0x000000070daddaf8} - klass: 'java/nio/DirectByteBuffer'
 - ---- fields (total size 8 words):
 - private 'mark' 'I' @12  -1 (ffffffff)
 - 'address' 'J' @16  1654618903744 (3ef8d4c0 181)
 - private 'position' 'I' @24  0
 - private 'limit' 'I' @28  518400 (7e900)
 - private 'capacity' 'I' @32  518400 (7e900)
 - final 'segment' 'Ljdk/internal/access/foreign/MemorySegmentProxy;' @36  NULL (0)
 - final 'offset' 'I' @40  0
 - 'isReadOnly' 'Z' @44  false
 - 'bigEndian' 'Z' @45  false
 - 'nativeByteOrder' 'Z' @46  true
 - final 'hb' '[B' @48  NULL (0)
 - private final 'isSync' 'Z' @47  false
 - private final 'fd' 'Ljava/io/FileDescriptor;' @52  NULL (0)
 - private final 'att' 'Ljava/lang/Object;' @56  NULL (0)
 - private final 'cleaner' 'Ljdk/internal/ref/Cleaner;' @60  NULL (0)
RDX=0x0 is NULL
RSP=0x0000001925ffc4d0 is pointing into the stack for thread: 0x0000018128a445c0
RBP=0x0000001925ffc618 is pointing into the stack for thread: 0x0000018128a445c0
RSI=0x0 is NULL
RDI=0x0000000000000110 is an unknown value
R8 =0x0 is NULL
R9 =0x0000000000000005 is an unknown value
R10=0x00000008000a4868 is a pointer to class: 
jdk.internal.misc.ScopedMemoryAccess {0x00000008000a4870}
 - instance size:     2
 - klass size:        252
 - access:            public synchronized 
 - state:             fully_initialized
 - name:              'jdk/internal/misc/ScopedMemoryAccess'
 - super:             'java/lang/Object'
 - sub:               
 - arrays:            NULL
 - methods:           Array<T>(0x00000008006847e8)
 - method ordering:   Array<T>(0x000000080068fb90)
 - default_methods:   Array<T>(0x0000000000000000)
 - local interfaces:  Array<T>(0x00000008005cf2a8)
 - trans. interfaces: Array<T>(0x00000008005cf2a8)
 - constants:         constant pool [1384] {0x0000000800678470} for 'jdk/internal/misc/ScopedMemoryAccess' cache=0x00000008000a5960
 - class loader data:  loader data: 0x0000018127b66730 of 'bootstrap'
 - source file:       'ScopedMemoryAccess.java'
 - class annotations:       Array<T>(0x0000000000000000)
 - class type annotations:  Array<T>(0x0000000000000000)
 - field annotations:       Array<T>(0x0000000000000000)
 - field type annotations:  Array<T>(0x0000000000000000)
 - inner classes:     Array<T>(0x0000000800684790)
 - nest members:     Array<T>(0x0000000800690170)
 - permitted subclasses:     Array<T>(0x00000008005cf238)
 - java mirror:       a 'java/lang/Class'{0x000000070a46ab48} = 'jdk/internal/misc/ScopedMemoryAccess'
 - vtable length      193  (start addr: 0x00000008000a4a30)
 - itable length      2 (start addr: 0x00000008000a5038)
 - ---- static fields (1 words):
 - private static final 'UNSAFE' 'Ljdk/internal/misc/Unsafe;' @112 
 - private static final 'theScopedMemoryAccess' 'Ljdk/internal/misc/ScopedMemoryAccess;' @116 
 - ---- non-static fields (0 words):
 - non-static oop maps: 
R11=0x000001810d4c8260 is at entry_point+32 in (nmethod*)0x000001810d4c8010
R12=0x0 is NULL
R13=0x0000001925ffc5c0 is pointing into the stack for thread: 0x0000018128a445c0
R14=0x0 is NULL
R15=0x0000018128a445c0 is a thread


Registers:
RAX=0x000001813ef8d4c0, RBX=0x0000000000020a90, RCX=0x000000070daddaf8, RDX=0x0000000000000000
RSP=0x0000001925ffc4d0, RBP=0x0000001925ffc618, RSI=0x0000000000000000, RDI=0x0000000000000110
R8 =0x0000000000000000, R9 =0x0000000000000005, R10=0x00000008000a4868, R11=0x000001810d4c8260
R12=0x0000000000000000, R13=0x0000001925ffc5c0, R14=0x0000000000000000, R15=0x0000018128a445c0
RIP=0x000001810d4c8656, EFLAGS=0x0000000000010246

Top of Stack: (sp=0x0000001925ffc4d0)
0x0000001925ffc4d0:   000000070d9c3b50 0000018128a445c0
0x0000001925ffc4e0:   0000000800006738 00007ffed2c57f67
0x0000001925ffc4f0:   00007ffed2f096d8 0000018128a445c0
0x0000001925ffc500:   0000000800006738 0000000000000002
0x0000001925ffc510:   0000920100000000 00007ffed2c513ee
0x0000001925ffc520:   0000000000000000 00007ffed2dc9d96
0x0000001925ffc530:   0000000000000000 000000000000003e
0x0000001925ffc540:   0000018134f8a270 0000018128a445c0
0x0000001925ffc550:   0000018128a44501 0000018128a445c0
0x0000001925ffc560:   0000000000000007 000000070daddaf8
0x0000001925ffc570:   0000001900000000 0000000000000000
0x0000001925ffc580:   0000001925ffc618 000001810cd19e2c
0x0000001925ffc590:   0000000000000007 00000000000000b6
0x0000001925ffc5a0:   0000001925ffc618 000001810cd09612
0x0000001925ffc5b0:   0000018128a445c0 000001810cd09612
0x0000001925ffc5c0:   0000000000000000 000000070daddaf8 

Instructions: (pc=0x000001810d4c8656)
0x000001810d4c8556:   85 db 75 02 eb 52 8b 5b 08 49 ba 00 00 00 00 08
0x000001810d4c8566:   00 00 00 49 03 da 48 33 5f 18 48 f7 c3 fc ff ff
0x000001810d4c8576:   ff 74 35 48 f7 c3 02 00 00 00 75 2c 48 81 7f 18
0x000001810d4c8586:   00 00 00 00 74 1e 48 81 7f 18 01 00 00 00 74 14
0x000001810d4c8596:   48 33 5f 18 48 f7 c3 fc ff ff ff 74 0b 48 83 4f
0x000001810d4c85a6:   18 02 eb 04 48 89 5f 18 48 bf e0 2e 29 28 81 01
0x000001810d4c85b6:   00 00 48 83 87 10 01 00 00 01 48 ba c0 30 29 28
0x000001810d4c85c6:   81 01 00 00 8b ba cc 00 00 00 83 c7 02 89 ba cc
0x000001810d4c85d6:   00 00 00 81 e7 fe ff 1f 00 83 ff 00 0f 84 0c 03
0x000001810d4c85e6:   00 00 48 83 fe 00 48 ba c0 30 29 28 81 01 00 00
0x000001810d4c85f6:   48 bf 10 01 00 00 00 00 00 00 0f 84 0a 00 00 00
0x000001810d4c8606:   48 bf 20 01 00 00 00 00 00 00 48 8b 1c 3a 48 8d
0x000001810d4c8616:   5b 01 48 89 1c 3a 0f 84 2a 00 00 00 48 89 84 24
0x000001810d4c8626:   b0 00 00 00 48 8b d6 48 89 b4 24 a8 00 00 00 48
0x000001810d4c8636:   b8 ff ff ff ff ff ff ff ff e8 3c 4a 88 ff 48 8b
0x000001810d4c8646:   84 24 b0 00 00 00 48 ba 00 00 00 00 00 00 00 00
0x000001810d4c8656:   0f be 04 02 48 ba c0 30 29 28 81 01 00 00 48 83
0x000001810d4c8666:   82 b8 01 00 00 01 48 ba 70 81 04 28 81 01 00 00
0x000001810d4c8676:   8b b2 cc 00 00 00 83 c6 02 89 b2 cc 00 00 00 81
0x000001810d4c8686:   e6 fe ff 1f 00 83 fe 00 0f 84 81 02 00 00 c1 e0
0x000001810d4c8696:   18 c1 f8 18 c1 e0 18 c1 f8 18 48 ba e8 2a 29 28
0x000001810d4c86a6:   81 01 00 00 48 83 82 18 02 00 00 01 48 ba 70 81
0x000001810d4c86b6:   04 28 81 01 00 00 8b b2 cc 00 00 00 83 c6 02 89
0x000001810d4c86c6:   b2 cc 00 00 00 81 e6 fe ff 1f 00 83 fe 00 0f 84
0x000001810d4c86d6:   5c 02 00 00 c1 e0 18 c1 f8 18 48 81 c4 d0 00 00
0x000001810d4c86e6:   00 5d 49 3b a7 40 03 00 00 0f 87 62 02 00 00 c3
0x000001810d4c86f6:   49 8b 87 d0 03 00 00 4d 33 d2 4d 89 97 d0 03 00
0x000001810d4c8706:   00 4d 33 d2 4d 89 97 d8 03 00 00 48 ba c0 30 29
0x000001810d4c8716:   28 81 01 00 00 48 83 82 c8 01 00 00 01 48 ba 70
0x000001810d4c8726:   81 04 28 81 01 00 00 8b b2 cc 00 00 00 83 c6 02
0x000001810d4c8736:   89 b2 cc 00 00 00 81 e6 fe ff 1f 00 83 fe 00 0f
0x000001810d4c8746:   84 22 02 00 00 48 ba 4b 87 4c 0d 81 01 00 00 e8 


Stack slot to memory mapping:
stack at sp + 0 slots: 0x000000070d9c3b50 is an oop: [B 
{0x000000070d9c3b50} - klass: {type array byte}
 - length: 0
stack at sp + 1 slots: 0x0000018128a445c0 is a thread
stack at sp + 2 slots: 0x0000000800006738 is a pointer to class: 
stack at sp + 3 slots: 0x00007ffed2c57f67 jvm.dll
stack at sp + 4 slots: 0x00007ffed2f096d8 jvm.dll
stack at sp + 5 slots: 0x0000018128a445c0 is a thread
stack at sp + 6 slots: 0x0000000800006738 is a pointer to class: 
stack at sp + 7 slots: 0x0000000000000002 is an unknown value

--------------------------------------------------------------------------------
[Constant Pool (empty)]

--------------------------------------------------------------------------------

[MachCode]
  0x000001810d4c8240: 448b 5208 | 49bb 0000 | 0000 0800 | 0000 4d03 | d34c 3bd0 | 0f85 2648 | 88ff 660f | 1f44 0000 
  0x000001810d4c8260: 8984 2400 | 90ff ff55 | 4881 ecd0 | 0000 0048 | 8994 2498 | 0000 0048 | bee8 2a29 | 2881 0100 
  0x000001810d4c8280: 008b becc | 0000 0083 | c702 89be | cc00 0000 | 81e7 fe07 | 0000 83ff | 000f 84df | 0500 0048 
  0x000001810d4c82a0: 8bf2 48bf | e82a 2928 | 8101 0000 | 4883 8710 | 0100 0001 | 48be 807f | 0d28 8101 | 0000 8bbe 
  0x000001810d4c82c0: cc00 0000 | 83c7 0289 | becc 0000 | 0081 e7fe | ff1f 0083 | ff00 0f84 | c305 0000 | 8b72 2448 
  0x000001810d4c82e0: c1e6 0348 | 83fe 0048 | bf80 7f0d | 2881 0100 | 0048 bb10 | 0100 0000 | 0000 000f | 840a 0000 
  0x000001810d4c8300: 0048 bb20 | 0100 0000 | 0000 0048 | 8b04 1f48 | 8d40 0148 | 8904 1f44 | 8984 24a0 | 0000 000f 
  0x000001810d4c8320: 841c 0000 | 0048 8bd6 | 0f1f 4400 | 0048 b8ff | ffff ffff | ffff ffe8 | 444d 88ff | e90a 0000 
  0x000001810d4c8340: 0048 b800 | 0000 0000 | 0000 0048 | 8984 24a8 | 0000 0044 | 8b84 24a0 | 0000 0048 | 8b94 2498 
  0x000001810d4c8360: 0000 0048 | 8bf2 48bf | e82a 2928 | 8101 0000 | 4883 8748 | 0100 0001 | 443b 421c | 0f83 4805 
  0x000001810d4c8380: 0000 488b | f248 bfe8 | 2a29 2881 | 0100 0048 | 8387 8001 | 0000 0148 | 8bf2 488b | d666 90e8 
  0x000001810d4c83a0: fc68 3c07 | 48ba e82a | 2928 8101 | 0000 488d | 92f0 0100 | 0048 8bb4 | 24a8 0000 | 0048 8bfe 
  0x000001810d4c83c0: 4885 ff75 | 0748 834a | 0801 eb52 | 8b7f 0849 | ba00 0000 | 0008 0000 | 0049 03fa | 4833 7a08 
  0x000001810d4c83e0: 48f7 c7fc | ffff ff74 | 3548 f7c7 | 0200 0000 | 752c 4881 | 7a08 0000 | 0000 741e | 4881 7a08 
  0x000001810d4c8400: 0100 0000 | 7414 4833 | 7a08 48f7 | c7fc ffff | ff74 0b48 | 834a 0802 | eb04 4889 | 7a08 48bf 
  0x000001810d4c8420: 0000 0000 | 0000 0000 | 4885 ff75 | 0748 834a | 1801 eb52 | 8b7f 0849 | ba00 0000 | 0008 0000 
  0x000001810d4c8440: 0049 03fa | 4833 7a18 | 48f7 c7fc | ffff ff74 | 3548 f7c7 | 0200 0000 | 752c 4881 | 7a18 0000 
  0x000001810d4c8460: 0000 741e | 4881 7a18 | 0100 0000 | 7414 4833 | 7a18 48f7 | c7fc ffff | ff74 0b48 | 834a 1802 
  0x000001810d4c8480: eb04 4889 | 7a18 48ba | 10dd 0e0a | 0700 0000 | 488b fa48 | bbe8 2a29 | 2881 0100 | 0049 ba68 
  0x000001810d4c84a0: 480a 0008 | 0000 004c | 8993 c801 | 0000 4883 | 83d0 0100 | 0001 48bf | e02e 2928 | 8101 0000 
  0x000001810d4c84c0: 8b9f cc00 | 0000 83c3 | 0289 9fcc | 0000 0081 | e3fe ff1f | 0083 fb00 | 0f84 f503 | 0000 48bf 
  0x000001810d4c84e0: e02e 2928 | 8101 0000 | 488d bf48 | 0100 0048 | 8bde 4885 | db75 02eb | 528b 5b08 | 49ba 0000 
  0x000001810d4c8500: 0000 0800 | 0000 4903 | da48 335f | 0848 f7c3 | fcff ffff | 7435 48f7 | c302 0000 | 0075 2c48 
  0x000001810d4c8520: 817f 0800 | 0000 0074 | 1e48 817f | 0801 0000 | 0074 1448 | 335f 0848 | f7c3 fcff | ffff 740b 
  0x000001810d4c8540: 4883 4f08 | 02eb 0448 | 895f 0848 | bb00 0000 | 0000 0000 | 0048 85db | 7502 eb52 | 8b5b 0849 
  0x000001810d4c8560: ba00 0000 | 0008 0000 | 0049 03da | 4833 5f18 | 48f7 c3fc | ffff ff74 | 3548 f7c3 | 0200 0000 
  0x000001810d4c8580: 752c 4881 | 7f18 0000 | 0000 741e | 4881 7f18 | 0100 0000 | 7414 4833 | 5f18 48f7 | c3fc ffff 
  0x000001810d4c85a0: ff74 0b48 | 834f 1802 | eb04 4889 | 5f18 48bf | e02e 2928 | 8101 0000 | 4883 8710 | 0100 0001 
  0x000001810d4c85c0: 48ba c030 | 2928 8101 | 0000 8bba | cc00 0000 | 83c7 0289 | bacc 0000 | 0081 e7fe | ff1f 0083 
  0x000001810d4c85e0: ff00 0f84 | 0c03 0000 | 4883 fe00 | 48ba c030 | 2928 8101 | 0000 48bf | 1001 0000 | 0000 0000 
  0x000001810d4c8600: 0f84 0a00 | 0000 48bf | 2001 0000 | 0000 0000 | 488b 1c3a | 488d 5b01 | 4889 1c3a | 0f84 2a00 
  0x000001810d4c8620: 0000 4889 | 8424 b000 | 0000 488b | d648 89b4 | 24a8 0000 | 0048 b8ff | ffff ffff | ffff ffe8 
  0x000001810d4c8640: 3c4a 88ff | 488b 8424 | b000 0000 | 48ba 0000 | 0000 0000 | 0000 0fbe | 0402 48ba | c030 2928 
  0x000001810d4c8660: 8101 0000 | 4883 82b8 | 0100 0001 | 48ba 7081 | 0428 8101 | 0000 8bb2 | cc00 0000 | 83c6 0289 
  0x000001810d4c8680: b2cc 0000 | 0081 e6fe | ff1f 0083 | fe00 0f84 | 8102 0000 | c1e0 18c1 | f818 c1e0 | 18c1 f818 
  0x000001810d4c86a0: 48ba e82a | 2928 8101 | 0000 4883 | 8218 0200 | 0001 48ba | 7081 0428 | 8101 0000 | 8bb2 cc00 
  0x000001810d4c86c0: 0000 83c6 | 0289 b2cc | 0000 0081 | e6fe ff1f | 0083 fe00 | 0f84 5c02 | 0000 c1e0 | 18c1 f818 
  0x000001810d4c86e0: 4881 c4d0 | 0000 005d | 493b a740 | 0300 000f | 8762 0200 | 00c3 498b | 87d0 0300 | 004d 33d2 
  0x000001810d4c8700: 4d89 97d0 | 0300 004d | 33d2 4d89 | 97d8 0300 | 0048 bac0 | 3029 2881 | 0100 0048 | 8382 c801 
  0x000001810d4c8720: 0000 0148 | ba70 8104 | 2881 0100 | 008b b2cc | 0000 0083 | c602 89b2 | cc00 0000 | 81e6 feff 
  0x000001810d4c8740: 1f00 83fe | 000f 8422 | 0200 0048 | ba4b 874c | 0d81 0100 | 00e8 26d3 | 92ff 9049 | 8b87 d003 
  0x000001810d4c8760: 0000 4d33 | d24d 8997 | d003 0000 | 4d33 d24d | 8997 d803 | 0000 6690 | e920 0200 | 0000 0000 
  0x000001810d4c8780: 0000 80ba | 3301 0000 | 040f 851d | 0200 0049 | 8b87 0801 | 0000 488d | 7828 493b | bf18 0100 
  0x000001810d4c87a0: 000f 8705 | 0200 0049 | 89bf 0801 | 0000 48c7 | 0001 0000 | 0048 8bca | 49ba 0000 | 0000 0800 
  0x000001810d4c87c0: 0000 492b | ca89 4808 | 4833 c989 | 480c 4833 | c948 8948 | 1048 8948 | 1848 8948 | 204c 8bc0 
  0x000001810d4c87e0: 48ba e02e | 2928 8101 | 0000 4883 | 8270 0100 | 0001 49b8 | 50e3 170a | 0700 0000 | 488b d048 
  0x000001810d4c8800: 8984 24b8 | 0000 00e8 | 7445 88ff | 488b 8424 | b800 0000 | 48ba 1488 | 4c0d 8101 | 0000 e85d 
  0x000001810d4c8820: d292 ff90 | 498b 87d0 | 0300 004d | 33d2 4d89 | 97d0 0300 | 004d 33d2 | 4d89 97d8 | 0300 0048 
  0x000001810d4c8840: bee8 2a29 | 2881 0100 | 0048 8386 | 2802 0000 | 0148 be70 | 8104 2881 | 0100 008b | becc 0000 
  0x000001810d4c8860: 0083 c702 | 89be cc00 | 0000 81e7 | feff 1f00 | 83ff 000f | 8440 0100 | 00e9 7b01 | 0000 49ba 
  0x000001810d4c8880: 107a 1c00 | 0800 0000 | 4c89 5424 | 0848 c704 | 24ff ffff | ffe8 e60a | 93ff e900 | faff ff49 
  0x000001810d4c88a0: ba38 c509 | 0008 0000 | 004c 8954 | 2408 48c7 | 0424 ffff | ffff e8c5 | 0a93 ffe9 | 1cfa ffff 
  0x000001810d4c88c0: e8db b992 | ffe8 d6b9 | 92ff 4c89 | 0424 e8cd | b092 ff49 | ba00 8a0a | 0008 0000 | 004c 8954 
  0x000001810d4c88e0: 2408 48c7 | 0424 ffff | ffff e891 | 0a93 ffe9 | eafb ffff | 49ba d8cd | 0a00 0800 | 0000 4c89 
  0x000001810d4c8900: 5424 0848 | c704 24ff | ffff ffe8 | 700a 93ff | e9d3 fcff | ff49 bac0 | b63c 0008 | 0000 004c 
  0x000001810d4c8920: 8954 2408 | 48c7 0424 | ffff ffff | e84f 0a93 | ffe9 5efd | ffff 49ba | c0b6 3c00 | 0800 0000 
  0x000001810d4c8940: 4c89 5424 | 0848 c704 | 24ff ffff | ffe8 2e0a | 93ff e983 | fdff ff49 | bae8 864c | 0d81 0100 
  0x000001810d4c8960: 004d 8997 | 5803 0000 | e993 aa88 | ff49 bac0 | b63c 0008 | 0000 004c | 8954 2408 | 48c7 0424 
  0x000001810d4c8980: ffff ffff | e8f7 0993 | ffe9 bdfd | ffff 48ba | 0000 0000 | 0000 0000 | b800 0f05 | 0ae8 5ef9 
  0x000001810d4c89a0: 92ff e9d1 | fdff ffe8 | f4b8 92ff | 488b d2e8 | ccc4 92ff | e924 feff | ff49 bac0 | b63c 0008 
  0x000001810d4c89c0: 0000 004c | 8954 2408 | 48c7 0424 | ffff ffff | e8ab 0993 | ffe9 9ffe | ffff 9090 | 498b 87d0 
  0x000001810d4c89e0: 0300 0049 | c787 d003 | 0000 0000 | 0000 49c7 | 87d8 0300 | 0000 0000 | 0048 81c4 | d000 0000 
  0x000001810d4c8a00: 5de9 7ac9 | 89ff f4f4 | f4f4 f4f4 | f4f4 f4f4 | f4f4 f4f4 | f4f4 f4f4 | f4f4 f4f4 | f4f4 f4f4 
  0x000001810d4c8a20: 0f1f 4400 | 0048 bb00 | 0000 0000 | 0000 00e9 | fbff ffff | 9048 bb00 | 0000 0000 | 0000 00e9 
  0x000001810d4c8a40: fbff ffff | 9048 bb00 | 0000 0000 | 0000 00e9 | fbff ffff | 9048 bb00 | 0000 0000 | 0000 00e9 
  0x000001810d4c8a60: fbff ffff | e817 d692 | ff48 b908 | 50ef d2fe | 7f00 0048 | 83e4 f049 | ba90 66bd | d2fe 7f00 
  0x000001810d4c8a80: 0041 ffd2 | f449 ba85 | 8a4c 0d81 | 0100 0041 | 52e9 0a9c | 88ff f4f4 
[/MachCode]
--------------------------------------------------------------------------------


---------------  P R O C E S S  ---------------

Threads class SMR info:
_java_thread_list=0x000001812a32cad0, length=23, elements={
0x00000181054d3160, 0x0000018127c9bec0, 0x0000018127c9c870, 0x0000018127cb0b40,
0x0000018127cb3500, 0x0000018127cb3eb0, 0x0000018127cb9440, 0x0000018127cbb540,
0x0000018127cbc6d0, 0x0000018127cbd860, 0x0000018128a41f40, 0x0000018128a43c20,
0x0000018128a410d0, 0x0000018128a428e0, 0x0000018128a440f0, 0x0000018128a445c0,
0x0000018128a40c00, 0x0000018128a42db0, 0x0000018128a415a0, 0x0000018128a41a70,
0x00000181317688a0, 0x0000018131762a50, 0x0000018131770b50
}

Java Threads: ( => current thread )
  0x00000181054d3160 JavaThread "main" [_thread_blocked, id=70580, stack(0x0000001924100000,0x0000001924200000)]
  0x0000018127c9bec0 JavaThread "Reference Handler" daemon [_thread_blocked, id=74900, stack(0x0000001924800000,0x0000001924900000)]
  0x0000018127c9c870 JavaThread "Finalizer" daemon [_thread_blocked, id=76100, stack(0x0000001924900000,0x0000001924a00000)]
  0x0000018127cb0b40 JavaThread "Signal Dispatcher" daemon [_thread_blocked, id=46704, stack(0x0000001924a00000,0x0000001924b00000)]
  0x0000018127cb3500 JavaThread "Attach Listener" daemon [_thread_blocked, id=70500, stack(0x0000001924b00000,0x0000001924c00000)]
  0x0000018127cb3eb0 JavaThread "Service Thread" daemon [_thread_blocked, id=75108, stack(0x0000001924c00000,0x0000001924d00000)]
  0x0000018127cb9440 JavaThread "Monitor Deflation Thread" daemon [_thread_blocked, id=76756, stack(0x0000001924d00000,0x0000001924e00000)]
  0x0000018127cbb540 JavaThread "C2 CompilerThread0" daemon [_thread_in_native, id=45552, stack(0x0000001924e00000,0x0000001924f00000)]
  0x0000018127cbc6d0 JavaThread "C1 CompilerThread0" daemon [_thread_blocked, id=77632, stack(0x0000001924f00000,0x0000001925000000)]
  0x0000018127cbd860 JavaThread "Sweeper thread" daemon [_thread_blocked, id=50448, stack(0x0000001925000000,0x0000001925100000)]
  0x0000018128a41f40 JavaThread "Common-Cleaner" daemon [_thread_blocked, id=72152, stack(0x0000001925100000,0x0000001925200000)]
  0x0000018128a43c20 JavaThread "Monitor Ctrl-Break" daemon [_thread_in_native, id=72476, stack(0x0000001925400000,0x0000001925500000)]
  0x0000018128a410d0 JavaThread "Notification Thread" daemon [_thread_blocked, id=76860, stack(0x0000001925500000,0x0000001925600000)]
  0x0000018128a428e0 JavaThread "QuantumRenderer-0" daemon [_thread_blocked, id=64348, stack(0x0000001925b00000,0x0000001925c00000)]
  0x0000018128a440f0 JavaThread "InvokeLaterDispatcher" daemon [_thread_blocked, id=70712, stack(0x0000001925e00000,0x0000001925f00000)]
=>0x0000018128a445c0 JavaThread "JavaFX Application Thread" [_thread_in_Java, id=74824, stack(0x0000001925f00000,0x0000001926000000)]
  0x0000018128a40c00 JavaThread "JavaFX-Launcher" [_thread_blocked, id=73680, stack(0x0000001925300000,0x0000001925400000)]
  0x0000018128a42db0 JavaThread "Thread-2" daemon [_thread_in_native, id=76268, stack(0x0000001925200000,0x0000001925300000)]
  0x0000018128a415a0 JavaThread "Prism Font Disposer" daemon [_thread_blocked, id=26016, stack(0x0000001926f00000,0x0000001927000000)]
  0x0000018128a41a70 JavaThread "Cleaner-0" daemon [_thread_blocked, id=77644, stack(0x0000001927200000,0x0000001927300000)]
  0x00000181317688a0 JavaThread "C2 CompilerThread1" daemon [_thread_in_native, id=65804, stack(0x0000001927e00000,0x0000001927f00000)]
  0x0000018131762a50 JavaThread "JavaCPP Deallocator" daemon [_thread_blocked, id=40380, stack(0x0000001927f00000,0x0000001928000000)]
  0x0000018131770b50 JavaThread "C2 CompilerThread2" daemon [_thread_in_native, id=75076, stack(0x0000001928000000,0x0000001928100000)]

Other Threads:
  0x0000018127c95d80 VMThread "VM Thread" [stack: 0x0000001924700000,0x0000001924800000] [id=70884]
  0x000001810554aa20 WatcherThread [stack: 0x0000001925600000,0x0000001925700000] [id=77628]
  0x00000181055208b0 GCTaskThread "GC Thread#0" [stack: 0x0000001924200000,0x0000001924300000] [id=77204]
  0x0000018129796da0 GCTaskThread "GC Thread#1" [stack: 0x0000001925700000,0x0000001925800000] [id=65336]
  0x0000018129797050 GCTaskThread "GC Thread#2" [stack: 0x0000001925800000,0x0000001925900000] [id=74108]
  0x0000018129797300 GCTaskThread "GC Thread#3" [stack: 0x0000001925900000,0x0000001925a00000] [id=73648]
  0x00000181297975b0 GCTaskThread "GC Thread#4" [stack: 0x0000001925a00000,0x0000001925b00000] [id=15352]
  0x000001812a3ae230 GCTaskThread "GC Thread#5" [stack: 0x0000001926c00000,0x0000001926d00000] [id=73304]
  0x0000018129fcdc70 GCTaskThread "GC Thread#6" [stack: 0x0000001926d00000,0x0000001926e00000] [id=74300]
  0x000001812a008fb0 GCTaskThread "GC Thread#7" [stack: 0x0000001926e00000,0x0000001926f00000] [id=73812]
  0x0000018105530f50 ConcurrentGCThread "G1 Main Marker" [stack: 0x0000001924300000,0x0000001924400000] [id=71036]
  0x0000018105532970 ConcurrentGCThread "G1 Conc#0" [stack: 0x0000001924400000,0x0000001924500000] [id=37632]
  0x000001812a263a50 ConcurrentGCThread "G1 Conc#1" [stack: 0x0000001926a00000,0x0000001926b00000] [id=64420]
  0x0000018127b524d0 ConcurrentGCThread "G1 Refine#0" [stack: 0x0000001924500000,0x0000001924600000] [id=27544]
  0x000001810558adc0 ConcurrentGCThread "G1 Service" [stack: 0x0000001924600000,0x0000001924700000] [id=75216]

Threads with active compile tasks:
C2 CompilerThread0     7283 4736   !   4       jdk.internal.loader.URLClassPath$JarLoader::ensureOpen (36 bytes)
C2 CompilerThread1     7283 4744       4       jdk.internal.loader.URLClassPath$JarLoader::findResource (18 bytes)
C2 CompilerThread2     7283 4739   !   4       jdk.internal.loader.URLClassPath$JarLoader::getResource (65 bytes)

VM state: not at safepoint (normal execution)

VM Mutex/Monitor currently owned by a thread: None

Heap address: 0x000000070a000000, size: 3936 MB, Compressed Oops mode: Zero based, Oop shift amount: 3

CDS archive(s) mapped at: [0x0000000800000000-0x0000000800bc0000-0x0000000800bc0000), size 12320768, SharedBaseAddress: 0x0000000800000000, ArchiveRelocationMode: 0.
Compressed class space mapped at: 0x0000000800c00000-0x0000000840c00000, reserved size: 1073741824
Narrow klass base: 0x0000000800000000, Narrow klass shift: 0, Narrow klass range: 0x100000000

GC Precious Log:
 CPUs: 8 total, 8 available
 Memory: 15741M
 Large Page Support: Disabled
 NUMA Support: Disabled
 Compressed Oops: Enabled (Zero based)
 Heap Region Size: 2M
 Heap Min Capacity: 8M
 Heap Initial Capacity: 246M
 Heap Max Capacity: 3936M
 Pre-touch: Disabled
 Parallel Workers: 8
 Concurrent Workers: 2
 Concurrent Refinement Workers: 8
 Periodic GC: Disabled

Heap:
 garbage-first heap   total 90112K, used 51150K [0x000000070a000000, 0x0000000800000000)
  region size 2048K, 17 young (34816K), 1 survivors (2048K)
 Metaspace       used 24630K, committed 24960K, reserved 1073152K
  class space    used 3396K, committed 3584K, reserved 1048576K

Heap Regions: E=young(eden), S=young(survivor), O=old, HS=humongous(starts), HC=humongous(continues), CS=collection set, F=free, OA=open archive, CA=closed archive, TAMS=top-at-mark-start (previous, next)
|   0|0x000000070a000000, 0x000000070a200000, 0x000000070a200000|100%| O|  |TAMS 0x000000070a200000, 0x000000070a000000| Untracked 
|   1|0x000000070a200000, 0x000000070a400000, 0x000000070a400000|100%| O|  |TAMS 0x000000070a400000, 0x000000070a200000| Untracked 
|   2|0x000000070a400000, 0x000000070a600000, 0x000000070a600000|100%| O|  |TAMS 0x000000070a600000, 0x000000070a400000| Untracked 
|   3|0x000000070a600000, 0x000000070a800000, 0x000000070a800000|100%|HS|  |TAMS 0x000000070a800000, 0x000000070a600000| Complete 
|   4|0x000000070a800000, 0x000000070aa00000, 0x000000070aa00000|100%| O|  |TAMS 0x000000070aa00000, 0x000000070a800000| Untracked 
|   5|0x000000070aa00000, 0x000000070ac00000, 0x000000070ac00000|100%| O|  |TAMS 0x000000070ac00000, 0x000000070aa00000| Untracked 
|   6|0x000000070ac00000, 0x000000070ac00000, 0x000000070ae00000|  0%| F|  |TAMS 0x000000070ac00000, 0x000000070ac00000| Untracked 
|   7|0x000000070ae00000, 0x000000070b000000, 0x000000070b000000|100%| O|  |TAMS 0x000000070ae00000, 0x000000070ae00000| Untracked 
|   8|0x000000070b000000, 0x000000070b200000, 0x000000070b200000|100%| O|  |TAMS 0x000000070b000000, 0x000000070b000000| Untracked 
|   9|0x000000070b200000, 0x000000070b400000, 0x000000070b400000|100%| O|  |TAMS 0x000000070b200000, 0x000000070b200000| Untracked 
|  10|0x000000070b400000, 0x000000070b600000, 0x000000070b600000|100%| O|  |TAMS 0x000000070b400000, 0x000000070b400000| Untracked 
|  11|0x000000070b600000, 0x000000070b6c5800, 0x000000070b800000| 38%| O|  |TAMS 0x000000070b600000, 0x000000070b600000| Untracked 
|  12|0x000000070b800000, 0x000000070b800000, 0x000000070ba00000|  0%| F|  |TAMS 0x000000070b800000, 0x000000070b800000| Untracked 
|  13|0x000000070ba00000, 0x000000070ba00000, 0x000000070bc00000|  0%| F|  |TAMS 0x000000070ba00000, 0x000000070ba00000| Untracked 
|  14|0x000000070bc00000, 0x000000070bc00000, 0x000000070be00000|  0%| F|  |TAMS 0x000000070bc00000, 0x000000070bc00000| Untracked 
|  15|0x000000070be00000, 0x000000070be00000, 0x000000070c000000|  0%| F|  |TAMS 0x000000070be00000, 0x000000070be00000| Untracked 
|  16|0x000000070c000000, 0x000000070c000000, 0x000000070c200000|  0%| F|  |TAMS 0x000000070c000000, 0x000000070c000000| Untracked 
|  17|0x000000070c200000, 0x000000070c200000, 0x000000070c400000|  0%| F|  |TAMS 0x000000070c200000, 0x000000070c200000| Untracked 
|  18|0x000000070c400000, 0x000000070c400000, 0x000000070c600000|  0%| F|  |TAMS 0x000000070c400000, 0x000000070c400000| Untracked 
|  19|0x000000070c600000, 0x000000070c600000, 0x000000070c800000|  0%| F|  |TAMS 0x000000070c600000, 0x000000070c600000| Untracked 
|  20|0x000000070c800000, 0x000000070c800000, 0x000000070ca00000|  0%| F|  |TAMS 0x000000070c800000, 0x000000070c800000| Untracked 
|  21|0x000000070ca00000, 0x000000070ca00000, 0x000000070cc00000|  0%| F|  |TAMS 0x000000070ca00000, 0x000000070ca00000| Untracked 
|  22|0x000000070cc00000, 0x000000070cc00000, 0x000000070ce00000|  0%| F|  |TAMS 0x000000070cc00000, 0x000000070cc00000| Untracked 
|  23|0x000000070ce00000, 0x000000070ce00000, 0x000000070d000000|  0%| F|  |TAMS 0x000000070ce00000, 0x000000070ce00000| Untracked 
|  24|0x000000070d000000, 0x000000070d000000, 0x000000070d200000|  0%| F|  |TAMS 0x000000070d000000, 0x000000070d000000| Untracked 
|  25|0x000000070d200000, 0x000000070d200000, 0x000000070d400000|  0%| F|  |TAMS 0x000000070d200000, 0x000000070d200000| Untracked 
|  26|0x000000070d400000, 0x000000070d400000, 0x000000070d600000|  0%| F|  |TAMS 0x000000070d400000, 0x000000070d400000| Untracked 
|  27|0x000000070d600000, 0x000000070d67e910, 0x000000070d800000| 24%| E|  |TAMS 0x000000070d600000, 0x000000070d600000| Complete 
|  28|0x000000070d800000, 0x000000070d9fe030, 0x000000070da00000| 99%| E|  |TAMS 0x000000070d800000, 0x000000070d800000| Complete 
|  29|0x000000070da00000, 0x000000070dc00000, 0x000000070dc00000|100%| E|CS|TAMS 0x000000070da00000, 0x000000070da00000| Complete 
|  30|0x000000070dc00000, 0x000000070de00000, 0x000000070de00000|100%| E|CS|TAMS 0x000000070dc00000, 0x000000070dc00000| Complete 
|  31|0x000000070de00000, 0x000000070e000000, 0x000000070e000000|100%| E|CS|TAMS 0x000000070de00000, 0x000000070de00000| Complete 
|  32|0x000000070e000000, 0x000000070e200000, 0x000000070e200000|100%| E|CS|TAMS 0x000000070e000000, 0x000000070e000000| Complete 
|  33|0x000000070e200000, 0x000000070e400000, 0x000000070e400000|100%| E|CS|TAMS 0x000000070e200000, 0x000000070e200000| Complete 
|  34|0x000000070e400000, 0x000000070e600000, 0x000000070e600000|100%| E|CS|TAMS 0x000000070e400000, 0x000000070e400000| Complete 
|  35|0x000000070e600000, 0x000000070e800000, 0x000000070e800000|100%| E|CS|TAMS 0x000000070e600000, 0x000000070e600000| Complete 
|  36|0x000000070e800000, 0x000000070ea00000, 0x000000070ea00000|100%| E|CS|TAMS 0x000000070e800000, 0x000000070e800000| Complete 
|  37|0x000000070ea00000, 0x000000070ec00000, 0x000000070ec00000|100%| E|CS|TAMS 0x000000070ea00000, 0x000000070ea00000| Complete 
| 115|0x0000000718600000, 0x0000000718800000, 0x0000000718800000|100%| E|CS|TAMS 0x0000000718600000, 0x0000000718600000| Complete 
| 116|0x0000000718800000, 0x0000000718a00000, 0x0000000718a00000|100%| E|CS|TAMS 0x0000000718800000, 0x0000000718800000| Complete 
| 117|0x0000000718a00000, 0x0000000718c00000, 0x0000000718c00000|100%| E|CS|TAMS 0x0000000718a00000, 0x0000000718a00000| Complete 
| 118|0x0000000718c00000, 0x0000000718e00000, 0x0000000718e00000|100%| E|CS|TAMS 0x0000000718c00000, 0x0000000718c00000| Complete 
| 119|0x0000000718e00000, 0x0000000718f2e110, 0x0000000719000000| 58%| S|CS|TAMS 0x0000000718e00000, 0x0000000718e00000| Complete 
| 122|0x0000000719400000, 0x0000000719600000, 0x0000000719600000|100%| E|CS|TAMS 0x0000000719400000, 0x0000000719400000| Complete 

Card table byte_map: [0x000001811c7e0000,0x000001811cf90000] _byte_map_base: 0x0000018118f90000

Marking Bits (Prev, Next): (CMBitMap*) 0x0000018105520f00, (CMBitMap*) 0x0000018105520ec0
 Prev Bits: [0x00000181214c0000, 0x0000018125240000)
 Next Bits: [0x000001811d740000, 0x00000181214c0000)

Polling page: 0x0000018104c90000

Metaspace:

Usage:
  Non-class:     20.74 MB used.
      Class:      3.32 MB used.
       Both:     24.05 MB used.

Virtual space:
  Non-class space:       24.00 MB reserved,      20.88 MB ( 87%) committed,  3 nodes.
      Class space:        1.00 GB reserved,       3.50 MB ( <1%) committed,  1 nodes.
             Both:        1.02 GB reserved,      24.38 MB (  2%) committed. 

Chunk freelists:
   Non-Class:  2.84 MB
       Class:  558.00 KB
        Both:  3.39 MB

MaxMetaspaceSize: unlimited
CompressedClassSpaceSize: 1.00 GB
Initial GC threshold: 21.00 MB
Current GC threshold: 35.12 MB
CDS: on
MetaspaceReclaimPolicy: balanced
 - commit_granule_bytes: 65536.
 - commit_granule_words: 8192.
 - virtual_space_node_default_size: 1048576.
 - enlarge_chunks_in_place: 1.
 - new_chunks_are_fully_committed: 0.
 - uncommit_free_chunks: 1.
 - use_allocation_guard: 0.
 - handle_deallocations: 1.


Internal statistics:

num_allocs_failed_limit: 3.
num_arena_births: 284.
num_arena_deaths: 0.
num_vsnodes_births: 4.
num_vsnodes_deaths: 0.
num_space_committed: 390.
num_space_uncommitted: 0.
num_chunks_returned_to_freelist: 3.
num_chunks_taken_from_freelist: 1084.
num_chunk_merges: 3.
num_chunk_splits: 770.
num_chunks_enlarged: 610.
num_purges: 0.
num_inconsistent_stats: 0.

CodeHeap 'non-profiled nmethods': size=120000Kb used=2068Kb max_used=2068Kb free=117931Kb
 bounds [0x00000181147d0000, 0x0000018114a40000, 0x000001811bd00000]
CodeHeap 'profiled nmethods': size=120000Kb used=11066Kb max_used=11066Kb free=108933Kb
 bounds [0x000001810d2a0000, 0x000001810dd70000, 0x00000181147d0000]
CodeHeap 'non-nmethods': size=5760Kb used=1585Kb max_used=1585Kb free=4174Kb
 bounds [0x000001810cd00000, 0x000001810cf70000, 0x000001810d2a0000]
 total_blobs=5826 nmethods=4928 adapters=807
 compilation: enabled
              stopped_count=0, restarted_count=0
 full_count=0

Compilation events (20 events):
Event: 7.098 Thread 0x0000018127cbc6d0 4943       2       java.nio.CharBuffer::arrayOffset (35 bytes)
Event: 7.098 Thread 0x0000018127cbc6d0 nmethod 4943 0x000001810dd6ae10 code [0x000001810dd6afc0, 0x000001810dd6b1f8]
Event: 7.098 Thread 0x0000018127cbc6d0 4944       2       java.io.BufferedWriter::ensureOpen (18 bytes)
Event: 7.098 Thread 0x0000018127cbc6d0 nmethod 4944 0x000001810dd6b310 code [0x000001810dd6b4c0, 0x000001810dd6b688]
Event: 7.099 Thread 0x0000018127cbc6d0 4945       2       org.bytedeco.javacpp.ClassProperties::setProperty (53 bytes)
Event: 7.099 Thread 0x0000018127cbc6d0 nmethod 4945 0x000001810dd6b790 code [0x000001810dd6b980, 0x000001810dd6be48]
Event: 7.099 Thread 0x0000018127cbc6d0 4946   !   2       jdk.proxy2.$Proxy10::value (29 bytes)
Event: 7.099 Thread 0x0000018127cbc6d0 nmethod 4946 0x000001810dd6c090 code [0x000001810dd6c240, 0x000001810dd6c4b8]
Event: 7.120 Thread 0x0000018127cbc6d0 4948       2       jdk.internal.reflect.AccessorGenerator::sub (5 bytes)
Event: 7.121 Thread 0x0000018127cbc6d0 nmethod 4948 0x000001810dd6c610 code [0x000001810dd6c7a0, 0x000001810dd6c898]
Event: 7.121 Thread 0x0000018127cbc6d0 4949       2       jdk.internal.reflect.ClassFileAssembler::emitConstantPoolMethodref (28 bytes)
Event: 7.121 Thread 0x0000018127cbc6d0 nmethod 4949 0x000001810dd6c910 code [0x000001810dd6cb00, 0x000001810dd6ce88]
Event: 7.207 Thread 0x0000018127cbc6d0 4954       2       java.lang.Exception::<init> (5 bytes)
Event: 7.207 Thread 0x0000018127cbc6d0 nmethod 4954 0x000001810dd6d190 code [0x000001810dd6d340, 0x000001810dd6d5c8]
Event: 7.208 Thread 0x0000018127cbc6d0 4955   !   2       jdk.internal.module.ModuleReferences$ExplodedModuleReader::find (40 bytes)
Event: 7.208 Thread 0x0000018127cbc6d0 nmethod 4955 0x000001810dd6d690 code [0x000001810dd6d8a0, 0x000001810dd6dd48]
Event: 7.208 Thread 0x0000018127cbc6d0 4956       2       sun.nio.fs.WindowsException::<init> (15 bytes)
Event: 7.209 Thread 0x0000018127cbc6d0 nmethod 4956 0x000001810dd6e090 code [0x000001810dd6e240, 0x000001810dd6e4d8]
Event: 7.209 Thread 0x0000018127cbc6d0 4957       2       sun.nio.fs.WindowsException::fillInStackTrace (2 bytes)
Event: 7.209 Thread 0x0000018127cbc6d0 nmethod 4957 0x000001810dd6e590 code [0x000001810dd6e720, 0x000001810dd6e838]

GC Heap History (12 events):
Event: 0.431 GC heap before
{Heap before GC invocations=0 (full 0):
 garbage-first heap   total 251904K, used 20480K [0x000000070a000000, 0x0000000800000000)
  region size 2048K, 11 young (22528K), 0 survivors (0K)
 Metaspace       used 1217K, committed 1408K, reserved 1056768K
  class space    used 87K, committed 192K, reserved 1048576K
}
Event: 0.434 GC heap after
{Heap after GC invocations=1 (full 0):
 garbage-first heap   total 251904K, used 4658K [0x000000070a000000, 0x0000000800000000)
  region size 2048K, 2 young (4096K), 2 survivors (4096K)
 Metaspace       used 1217K, committed 1408K, reserved 1056768K
  class space    used 87K, committed 192K, reserved 1048576K
}
Event: 1.003 GC heap before
{Heap before GC invocations=1 (full 0):
 garbage-first heap   total 251904K, used 35378K [0x000000070a000000, 0x0000000800000000)
  region size 2048K, 17 young (34816K), 2 survivors (4096K)
 Metaspace       used 9767K, committed 9984K, reserved 1064960K
  class space    used 1290K, committed 1408K, reserved 1048576K
}
Event: 1.008 GC heap after
{Heap after GC invocations=2 (full 0):
 garbage-first heap   total 251904K, used 9774K [0x000000070a000000, 0x0000000800000000)
  region size 2048K, 3 young (6144K), 3 survivors (6144K)
 Metaspace       used 9767K, committed 9984K, reserved 1064960K
  class space    used 1290K, committed 1408K, reserved 1048576K
}
Event: 2.932 GC heap before
{Heap before GC invocations=2 (full 0):
 garbage-first heap   total 251904K, used 69166K [0x000000070a000000, 0x0000000800000000)
  region size 2048K, 31 young (63488K), 3 survivors (6144K)
 Metaspace       used 20553K, committed 20864K, reserved 1073152K
  class space    used 2980K, committed 3136K, reserved 1048576K
}
Event: 2.940 GC heap after
{Heap after GC invocations=3 (full 0):
 garbage-first heap   total 251904K, used 20701K [0x000000070a000000, 0x0000000800000000)
  region size 2048K, 4 young (8192K), 4 survivors (8192K)
 Metaspace       used 20553K, committed 20864K, reserved 1073152K
  class space    used 2980K, committed 3136K, reserved 1048576K
}
Event: 6.529 GC heap before
{Heap before GC invocations=3 (full 0):
 garbage-first heap   total 251904K, used 24797K [0x000000070a000000, 0x0000000800000000)
  region size 2048K, 7 young (14336K), 4 survivors (8192K)
 Metaspace       used 21263K, committed 21504K, reserved 1073152K
  class space    used 3019K, committed 3136K, reserved 1048576K
}
Event: 6.534 GC heap after
{Heap after GC invocations=4 (full 0):
 garbage-first heap   total 251904K, used 21214K [0x000000070a000000, 0x0000000800000000)
  region size 2048K, 5 young (10240K), 5 survivors (10240K)
 Metaspace       used 21263K, committed 21504K, reserved 1073152K
  class space    used 3019K, committed 3136K, reserved 1048576K
}
Event: 6.843 GC heap before
{Heap before GC invocations=5 (full 0):
 garbage-first heap   total 90112K, used 64222K [0x000000070a000000, 0x0000000800000000)
  region size 2048K, 26 young (53248K), 5 survivors (10240K)
 Metaspace       used 22981K, committed 23296K, reserved 1073152K
  class space    used 3186K, committed 3328K, reserved 1048576K
}
Event: 6.848 GC heap after
{Heap after GC invocations=6 (full 0):
 garbage-first heap   total 90112K, used 22439K [0x000000070a000000, 0x0000000800000000)
  region size 2048K, 1 young (2048K), 1 survivors (2048K)
 Metaspace       used 22981K, committed 23296K, reserved 1073152K
  class space    used 3186K, committed 3328K, reserved 1048576K
}
Event: 6.876 GC heap before
{Heap before GC invocations=6 (full 0):
 garbage-first heap   total 90112K, used 24487K [0x000000070a000000, 0x0000000800000000)
  region size 2048K, 2 young (4096K), 1 survivors (2048K)
 Metaspace       used 23390K, committed 23680K, reserved 1073152K
  class space    used 3189K, committed 3328K, reserved 1048576K
}
Event: 6.878 GC heap after
{Heap after GC invocations=7 (full 0):
 garbage-first heap   total 90112K, used 22478K [0x000000070a000000, 0x0000000800000000)
  region size 2048K, 1 young (2048K), 1 survivors (2048K)
 Metaspace       used 23390K, committed 23680K, reserved 1073152K
  class space    used 3189K, committed 3328K, reserved 1048576K
}

Deoptimization events (20 events):
Event: 6.636 Thread 0x0000018128a445c0 Uncommon trap: trap_request=0xffffffde fr.pc=0x00000181148875d4 relative=0x0000000000000314
Event: 6.636 Thread 0x0000018128a445c0 Uncommon trap: reason=class_check action=maybe_recompile pc=0x00000181148875d4 method=java.util.HashMap.putVal(ILjava/lang/Object;Ljava/lang/Object;ZZ)Ljava/lang/Object; @ 253 c2
Event: 6.636 Thread 0x0000018128a445c0 DEOPT PACKING pc=0x00000181148875d4 sp=0x0000001925ffa250
Event: 6.636 Thread 0x0000018128a445c0 DEOPT UNPACKING pc=0x000001810cd523a3 sp=0x0000001925ffa1f0 mode 2
Event: 6.638 Thread 0x0000018128a445c0 Uncommon trap: trap_request=0xffffffde fr.pc=0x00000181148875d4 relative=0x0000000000000314
Event: 6.638 Thread 0x0000018128a445c0 Uncommon trap: reason=class_check action=maybe_recompile pc=0x00000181148875d4 method=java.util.HashMap.putVal(ILjava/lang/Object;Ljava/lang/Object;ZZ)Ljava/lang/Object; @ 253 c2
Event: 6.638 Thread 0x0000018128a445c0 DEOPT PACKING pc=0x00000181148875d4 sp=0x0000001925ff9ed0
Event: 6.638 Thread 0x0000018128a445c0 DEOPT UNPACKING pc=0x000001810cd523a3 sp=0x0000001925ff9e70 mode 2
Event: 6.639 Thread 0x0000018128a445c0 Uncommon trap: trap_request=0xffffffde fr.pc=0x00000181148875d4 relative=0x0000000000000314
Event: 6.639 Thread 0x0000018128a445c0 Uncommon trap: reason=class_check action=maybe_recompile pc=0x00000181148875d4 method=java.util.HashMap.putVal(ILjava/lang/Object;Ljava/lang/Object;ZZ)Ljava/lang/Object; @ 253 c2
Event: 6.639 Thread 0x0000018128a445c0 DEOPT PACKING pc=0x00000181148875d4 sp=0x0000001925ff9ed0
Event: 6.639 Thread 0x0000018128a445c0 DEOPT UNPACKING pc=0x000001810cd523a3 sp=0x0000001925ff9e70 mode 2
Event: 6.639 Thread 0x0000018128a445c0 Uncommon trap: trap_request=0xffffffde fr.pc=0x00000181148875d4 relative=0x0000000000000314
Event: 6.639 Thread 0x0000018128a445c0 Uncommon trap: reason=class_check action=maybe_recompile pc=0x00000181148875d4 method=java.util.HashMap.putVal(ILjava/lang/Object;Ljava/lang/Object;ZZ)Ljava/lang/Object; @ 253 c2
Event: 6.639 Thread 0x0000018128a445c0 DEOPT PACKING pc=0x00000181148875d4 sp=0x0000001925ff9ed0
Event: 6.639 Thread 0x0000018128a445c0 DEOPT UNPACKING pc=0x000001810cd523a3 sp=0x0000001925ff9e70 mode 2
Event: 6.644 Thread 0x0000018128a445c0 Uncommon trap: trap_request=0xffffff45 fr.pc=0x000001811489aeb0 relative=0x0000000000001d10
Event: 6.644 Thread 0x0000018128a445c0 Uncommon trap: reason=unstable_if action=reinterpret pc=0x000001811489aeb0 method=java.util.jar.JarFile.getVersionedEntry(Ljava/lang/String;Ljava/util/jar/JarEntry;)Ljava/util/jar/JarEntry; @ 26 c2
Event: 6.644 Thread 0x0000018128a445c0 DEOPT PACKING pc=0x000001811489aeb0 sp=0x0000001925ffa3a0
Event: 6.644 Thread 0x0000018128a445c0 DEOPT UNPACKING pc=0x000001810cd523a3 sp=0x0000001925ffa330 mode 2

Classes unloaded (0 events):
No events

Classes redefined (0 events):
No events

Internal exceptions (20 events):
Event: 7.208 Thread 0x0000018128a445c0 Exception <a 'sun/nio/fs/WindowsException'{0x000000070d8a93a8}> (0x000000070d8a93a8) 
thrown [t:\workspace\open\src\hotspot\share\prims\jni.cpp, line 516]
Event: 7.209 Thread 0x0000018128a445c0 Exception <a 'sun/nio/fs/WindowsException'{0x000000070d8af128}> (0x000000070d8af128) 
thrown [t:\workspace\open\src\hotspot\share\prims\jni.cpp, line 516]
Event: 7.209 Thread 0x0000018128a445c0 Exception <a 'sun/nio/fs/WindowsException'{0x000000070d8b4588}> (0x000000070d8b4588) 
thrown [t:\workspace\open\src\hotspot\share\prims\jni.cpp, line 516]
Event: 7.209 Thread 0x0000018128a445c0 Exception <a 'sun/nio/fs/WindowsException'{0x000000070d8d0630}> (0x000000070d8d0630) 
thrown [t:\workspace\open\src\hotspot\share\prims\jni.cpp, line 516]
Event: 7.209 Thread 0x0000018128a445c0 Exception <a 'sun/nio/fs/WindowsException'{0x000000070d8d6e28}> (0x000000070d8d6e28) 
thrown [t:\workspace\open\src\hotspot\share\prims\jni.cpp, line 516]
Event: 7.210 Thread 0x0000018128a445c0 Exception <a 'sun/nio/fs/WindowsException'{0x000000070d8dcfa0}> (0x000000070d8dcfa0) 
thrown [t:\workspace\open\src\hotspot\share\prims\jni.cpp, line 516]
Event: 7.210 Thread 0x0000018128a445c0 Exception <a 'sun/nio/fs/WindowsException'{0x000000070d8e2ae8}> (0x000000070d8e2ae8) 
thrown [t:\workspace\open\src\hotspot\share\prims\jni.cpp, line 516]
Event: 7.210 Thread 0x0000018128a445c0 Exception <a 'sun/nio/fs/WindowsException'{0x000000070d8e7f98}> (0x000000070d8e7f98) 
thrown [t:\workspace\open\src\hotspot\share\prims\jni.cpp, line 516]
Event: 7.210 Thread 0x0000018128a445c0 Exception <a 'sun/nio/fs/WindowsException'{0x000000070d904ae0}> (0x000000070d904ae0) 
thrown [t:\workspace\open\src\hotspot\share\prims\jni.cpp, line 516]
Event: 7.211 Thread 0x0000018128a445c0 Exception <a 'sun/nio/fs/WindowsException'{0x000000070d90b2a8}> (0x000000070d90b2a8) 
thrown [t:\workspace\open\src\hotspot\share\prims\jni.cpp, line 516]
Event: 7.211 Thread 0x0000018128a445c0 Exception <a 'sun/nio/fs/WindowsException'{0x000000070d9113f0}> (0x000000070d9113f0) 
thrown [t:\workspace\open\src\hotspot\share\prims\jni.cpp, line 516]
Event: 7.211 Thread 0x0000018128a445c0 Exception <a 'sun/nio/fs/WindowsException'{0x000000070d916f08}> (0x000000070d916f08) 
thrown [t:\workspace\open\src\hotspot\share\prims\jni.cpp, line 516]
Event: 7.211 Thread 0x0000018128a445c0 Exception <a 'sun/nio/fs/WindowsException'{0x000000070d91c360}> (0x000000070d91c360) 
thrown [t:\workspace\open\src\hotspot\share\prims\jni.cpp, line 516]
Event: 7.212 Thread 0x0000018128a445c0 Exception <a 'sun/nio/fs/WindowsException'{0x000000070d93dfb8}> (0x000000070d93dfb8) 
thrown [t:\workspace\open\src\hotspot\share\prims\jni.cpp, line 516]
Event: 7.213 Thread 0x0000018128a445c0 Exception <a 'sun/nio/fs/WindowsException'{0x000000070d9447f0}> (0x000000070d9447f0) 
thrown [t:\workspace\open\src\hotspot\share\prims\jni.cpp, line 516]
Event: 7.213 Thread 0x0000018128a445c0 Exception <a 'sun/nio/fs/WindowsException'{0x000000070d94af18}> (0x000000070d94af18) 
thrown [t:\workspace\open\src\hotspot\share\prims\jni.cpp, line 516]
Event: 7.213 Thread 0x0000018128a445c0 Exception <a 'sun/nio/fs/WindowsException'{0x000000070d951018}> (0x000000070d951018) 
thrown [t:\workspace\open\src\hotspot\share\prims\jni.cpp, line 516]
Event: 7.213 Thread 0x0000018128a445c0 Exception <a 'sun/nio/fs/WindowsException'{0x000000070d956cd0}> (0x000000070d956cd0) 
thrown [t:\workspace\open\src\hotspot\share\prims\jni.cpp, line 516]
Event: 7.213 Thread 0x0000018128a445c0 Exception <a 'sun/nio/fs/WindowsException'{0x000000070d98c5c0}> (0x000000070d98c5c0) 
thrown [t:\workspace\open\src\hotspot\share\prims\jni.cpp, line 516]
Event: 7.214 Thread 0x0000018128a445c0 Exception <a 'sun/nio/fs/WindowsException'{0x000000070d992db8}> (0x000000070d992db8) 
thrown [t:\workspace\open\src\hotspot\share\prims\jni.cpp, line 516]

VM Operations (20 events):
Event: 2.717 Executing VM operation: ICBufferFull
Event: 2.717 Executing VM operation: ICBufferFull done
Event: 2.932 Executing VM operation: G1CollectForAllocation
Event: 2.940 Executing VM operation: G1CollectForAllocation done
Event: 3.940 Executing VM operation: Cleanup
Event: 3.940 Executing VM operation: Cleanup done
Event: 4.284 Executing VM operation: HandshakeAllThreads
Event: 4.284 Executing VM operation: HandshakeAllThreads done
Event: 5.283 Executing VM operation: Cleanup
Event: 5.283 Executing VM operation: Cleanup done
Event: 6.529 Executing VM operation: CollectForMetadataAllocation
Event: 6.534 Executing VM operation: CollectForMetadataAllocation done
Event: 6.543 Executing VM operation: G1Concurrent
Event: 6.545 Executing VM operation: G1Concurrent done
Event: 6.547 Executing VM operation: G1Concurrent
Event: 6.547 Executing VM operation: G1Concurrent done
Event: 6.843 Executing VM operation: G1CollectForAllocation
Event: 6.848 Executing VM operation: G1CollectForAllocation done
Event: 6.876 Executing VM operation: G1CollectForAllocation
Event: 6.878 Executing VM operation: G1CollectForAllocation done

Events (20 events):
Event: 7.227 loading class java/awt/image/DataBufferByte
Event: 7.227 loading class java/awt/image/DataBufferByte done
Event: 7.227 loading class sun/java2d/StateTrackable$State
Event: 7.227 loading class sun/java2d/StateTrackable$State done
Event: 7.227 loading class sun/java2d/StateTrackableDelegate
Event: 7.227 loading class sun/java2d/StateTrackable
Event: 7.227 loading class sun/java2d/StateTrackable done
Event: 7.227 loading class sun/java2d/StateTrackableDelegate done
Event: 7.227 loading class sun/java2d/StateTrackableDelegate$2
Event: 7.227 loading class sun/java2d/StateTrackableDelegate$2 done
Event: 7.227 loading class java/awt/image/PixelInterleavedSampleModel
Event: 7.227 loading class java/awt/image/PixelInterleavedSampleModel done
Event: 7.227 loading class sun/awt/image/ByteInterleavedRaster
Event: 7.228 loading class sun/awt/image/ByteComponentRaster
Event: 7.228 loading class sun/awt/image/ByteComponentRaster done
Event: 7.228 loading class sun/awt/image/ByteInterleavedRaster done
Event: 7.228 loading class sun/awt/image/NativeLibLoader
Event: 7.228 loading class sun/awt/image/NativeLibLoader done
Event: 7.228 loading class sun/awt/image/NativeLibLoader$1
Event: 7.228 loading class sun/awt/image/NativeLibLoader$1 done


Dynamic libraries:
0x00007ff70cf60000 - 0x00007ff70cf6e000 	C:\Users\hansu\.jdks\openjdk-17.0.2\bin\java.exe
0x00007fff37640000 - 0x00007fff37849000 	C:\WINDOWS\SYSTEM32\ntdll.dll
0x00007fff36cd0000 - 0x00007fff36d8d000 	C:\WINDOWS\System32\KERNEL32.DLL
0x00007fff34ff0000 - 0x00007fff3536d000 	C:\WINDOWS\System32\KERNELBASE.dll
0x00007fff34ed0000 - 0x00007fff34fe1000 	C:\WINDOWS\System32\ucrtbase.dll
0x00007fff32050000 - 0x00007fff32068000 	C:\Users\hansu\.jdks\openjdk-17.0.2\bin\jli.dll
0x00007fff306e0000 - 0x00007fff306fa000 	C:\Users\hansu\.jdks\openjdk-17.0.2\bin\VCRUNTIME140.dll
0x00007fff37450000 - 0x00007fff375fd000 	C:\WINDOWS\System32\USER32.dll
0x00007fff18f50000 - 0x00007fff191f5000 	C:\WINDOWS\WinSxS\amd64_microsoft.windows.common-controls_6595b64144ccf1df_6.0.22000.120_none_9d947278b86cc467\COMCTL32.dll
0x00007fff356f0000 - 0x00007fff35793000 	C:\WINDOWS\System32\msvcrt.dll
0x00007fff34d30000 - 0x00007fff34d56000 	C:\WINDOWS\System32\win32u.dll
0x00007fff357a0000 - 0x00007fff357c9000 	C:\WINDOWS\System32\GDI32.dll
0x00007fff34b20000 - 0x00007fff34c38000 	C:\WINDOWS\System32\gdi32full.dll
0x00007fff35430000 - 0x00007fff354cd000 	C:\WINDOWS\System32\msvcp_win.dll
0x00007fff35cf0000 - 0x00007fff35d21000 	C:\WINDOWS\System32\IMM32.DLL
0x00007fff32080000 - 0x00007fff3208c000 	C:\Users\hansu\.jdks\openjdk-17.0.2\bin\vcruntime140_1.dll
0x00007fff257b0000 - 0x00007fff2583d000 	C:\Users\hansu\.jdks\openjdk-17.0.2\bin\msvcp140.dll
0x00007ffed2630000 - 0x00007ffed31f1000 	C:\Users\hansu\.jdks\openjdk-17.0.2\bin\server\jvm.dll
0x00007fff359f0000 - 0x00007fff35a9e000 	C:\WINDOWS\System32\ADVAPI32.dll
0x00007fff36c10000 - 0x00007fff36cae000 	C:\WINDOWS\System32\sechost.dll
0x00007fff37330000 - 0x00007fff37450000 	C:\WINDOWS\System32\RPCRT4.dll
0x00007fff36340000 - 0x00007fff36348000 	C:\WINDOWS\System32\PSAPI.DLL
0x00007ffefa640000 - 0x00007ffefa649000 	C:\WINDOWS\SYSTEM32\WSOCK32.dll
0x00007fff2c8a0000 - 0x00007fff2c8d3000 	C:\WINDOWS\SYSTEM32\WINMM.dll
0x00007fff2d4e0000 - 0x00007fff2d4ea000 	C:\WINDOWS\SYSTEM32\VERSION.dll
0x00007fff36ba0000 - 0x00007fff36c0f000 	C:\WINDOWS\System32\WS2_32.dll
0x00007fff33ca0000 - 0x00007fff33cb8000 	C:\WINDOWS\SYSTEM32\kernel.appcore.dll
0x00007fff31010000 - 0x00007fff3101a000 	C:\Users\hansu\.jdks\openjdk-17.0.2\bin\jimage.dll
0x00007fff31040000 - 0x00007fff31261000 	C:\WINDOWS\SYSTEM32\DBGHELP.DLL
0x00007fff16d80000 - 0x00007fff16db1000 	C:\WINDOWS\SYSTEM32\dbgcore.DLL
0x00007fff34c40000 - 0x00007fff34cbf000 	C:\WINDOWS\System32\bcryptPrimitives.dll
0x00007fff28ec0000 - 0x00007fff28ece000 	C:\Users\hansu\.jdks\openjdk-17.0.2\bin\instrument.dll
0x00007fff2ccb0000 - 0x00007fff2ccd5000 	C:\Users\hansu\.jdks\openjdk-17.0.2\bin\java.dll
0x00007fff01b50000 - 0x00007fff01c26000 	C:\Users\hansu\.jdks\openjdk-17.0.2\bin\jsvml.dll
0x00007fff36350000 - 0x00007fff36b08000 	C:\WINDOWS\System32\SHELL32.dll
0x00007fff32c90000 - 0x00007fff334f8000 	C:\WINDOWS\SYSTEM32\windows.storage.dll
0x00007fff36e00000 - 0x00007fff37179000 	C:\WINDOWS\System32\combase.dll
0x00007fff32b20000 - 0x00007fff32c86000 	C:\WINDOWS\SYSTEM32\wintypes.dll
0x00007fff358f0000 - 0x00007fff359da000 	C:\WINDOWS\System32\SHCORE.dll
0x00007fff35aa0000 - 0x00007fff35afd000 	C:\WINDOWS\System32\shlwapi.dll
0x00007fff34a50000 - 0x00007fff34a71000 	C:\WINDOWS\SYSTEM32\profapi.dll
0x00007fff2f260000 - 0x00007fff2f279000 	C:\Users\hansu\.jdks\openjdk-17.0.2\bin\net.dll
0x00007fff2eed0000 - 0x00007fff2efdc000 	C:\WINDOWS\SYSTEM32\WINHTTP.dll
0x00007fff34140000 - 0x00007fff341a7000 	C:\WINDOWS\system32\mswsock.dll
0x00007fff2cc90000 - 0x00007fff2cca6000 	C:\Users\hansu\.jdks\openjdk-17.0.2\bin\nio.dll
0x00007fff28ed0000 - 0x00007fff28ee8000 	C:\Users\hansu\.jdks\openjdk-17.0.2\bin\zip.dll
0x00007fff25720000 - 0x00007fff2573a000 	C:\Program Files\JetBrains\IntelliJ IDEA Community Edition 2021.3.1\bin\breakgen64.dll
0x0000018127dd0000 - 0x0000018127dd3000 	C:\Users\hansu\.openjfx\cache\17.0.2-ea\api-ms-win-core-console-l1-1-0.dll
0x0000018127de0000 - 0x0000018127de3000 	C:\Users\hansu\.openjfx\cache\17.0.2-ea\api-ms-win-core-console-l1-2-0.dll
0x0000018127df0000 - 0x0000018127df3000 	C:\Users\hansu\.openjfx\cache\17.0.2-ea\api-ms-win-core-datetime-l1-1-0.dll
0x0000018127e00000 - 0x0000018127e03000 	C:\Users\hansu\.openjfx\cache\17.0.2-ea\api-ms-win-core-debug-l1-1-0.dll
0x0000018127e10000 - 0x0000018127e13000 	C:\Users\hansu\.openjfx\cache\17.0.2-ea\api-ms-win-core-errorhandling-l1-1-0.dll
0x0000018127e20000 - 0x0000018127e24000 	C:\Users\hansu\.openjfx\cache\17.0.2-ea\api-ms-win-core-file-l1-1-0.dll
0x0000018127e30000 - 0x0000018127e33000 	C:\Users\hansu\.openjfx\cache\17.0.2-ea\api-ms-win-core-file-l1-2-0.dll
0x0000018127e40000 - 0x0000018127e43000 	C:\Users\hansu\.openjfx\cache\17.0.2-ea\api-ms-win-core-file-l2-1-0.dll
0x0000018127e50000 - 0x0000018127e53000 	C:\Users\hansu\.openjfx\cache\17.0.2-ea\api-ms-win-core-handle-l1-1-0.dll
0x0000018127e60000 - 0x0000018127e63000 	C:\Users\hansu\.openjfx\cache\17.0.2-ea\api-ms-win-core-heap-l1-1-0.dll
0x0000018127e70000 - 0x0000018127e73000 	C:\Users\hansu\.openjfx\cache\17.0.2-ea\api-ms-win-core-interlocked-l1-1-0.dll
0x0000018127e80000 - 0x0000018127e83000 	C:\Users\hansu\.openjfx\cache\17.0.2-ea\api-ms-win-core-libraryloader-l1-1-0.dll
0x0000018127e90000 - 0x0000018127e93000 	C:\Users\hansu\.openjfx\cache\17.0.2-ea\api-ms-win-core-localization-l1-2-0.dll
0x0000018127ea0000 - 0x0000018127ea3000 	C:\Users\hansu\.openjfx\cache\17.0.2-ea\api-ms-win-core-memory-l1-1-0.dll
0x0000018127eb0000 - 0x0000018127eb3000 	C:\Users\hansu\.openjfx\cache\17.0.2-ea\api-ms-win-core-namedpipe-l1-1-0.dll
0x0000018127ec0000 - 0x0000018127ec3000 	C:\Users\hansu\.openjfx\cache\17.0.2-ea\api-ms-win-core-processenvironment-l1-1-0.dll
0x0000018127ed0000 - 0x0000018127ed3000 	C:\Users\hansu\.openjfx\cache\17.0.2-ea\api-ms-win-core-processthreads-l1-1-0.dll
0x0000018127ee0000 - 0x0000018127ee3000 	C:\Users\hansu\.openjfx\cache\17.0.2-ea\api-ms-win-core-processthreads-l1-1-1.dll
0x0000018127ef0000 - 0x0000018127ef3000 	C:\Users\hansu\.openjfx\cache\17.0.2-ea\api-ms-win-core-profile-l1-1-0.dll
0x0000018127f00000 - 0x0000018127f03000 	C:\Users\hansu\.openjfx\cache\17.0.2-ea\api-ms-win-core-rtlsupport-l1-1-0.dll
0x0000018127f10000 - 0x0000018127f13000 	C:\Users\hansu\.openjfx\cache\17.0.2-ea\api-ms-win-core-string-l1-1-0.dll
0x0000018127f20000 - 0x0000018127f23000 	C:\Users\hansu\.openjfx\cache\17.0.2-ea\api-ms-win-core-synch-l1-1-0.dll
0x0000018127f30000 - 0x0000018127f33000 	C:\Users\hansu\.openjfx\cache\17.0.2-ea\api-ms-win-core-synch-l1-2-0.dll
0x0000018127f40000 - 0x0000018127f43000 	C:\Users\hansu\.openjfx\cache\17.0.2-ea\api-ms-win-core-sysinfo-l1-1-0.dll
0x0000018127f50000 - 0x0000018127f53000 	C:\Users\hansu\.openjfx\cache\17.0.2-ea\api-ms-win-core-timezone-l1-1-0.dll
0x0000018127f60000 - 0x0000018127f63000 	C:\Users\hansu\.openjfx\cache\17.0.2-ea\api-ms-win-core-util-l1-1-0.dll
0x0000018127f70000 - 0x0000018127f73000 	C:\Users\hansu\.openjfx\cache\17.0.2-ea\api-ms-win-crt-conio-l1-1-0.dll
0x0000018127f80000 - 0x0000018127f84000 	C:\Users\hansu\.openjfx\cache\17.0.2-ea\api-ms-win-crt-convert-l1-1-0.dll
0x0000018127f90000 - 0x0000018127f93000 	C:\Users\hansu\.openjfx\cache\17.0.2-ea\api-ms-win-crt-environment-l1-1-0.dll
0x0000018127fa0000 - 0x0000018127fa3000 	C:\Users\hansu\.openjfx\cache\17.0.2-ea\api-ms-win-crt-filesystem-l1-1-0.dll
0x0000018127fb0000 - 0x0000018127fb3000 	C:\Users\hansu\.openjfx\cache\17.0.2-ea\api-ms-win-crt-heap-l1-1-0.dll
0x0000018127fc0000 - 0x0000018127fc3000 	C:\Users\hansu\.openjfx\cache\17.0.2-ea\api-ms-win-crt-locale-l1-1-0.dll
0x0000018127fd0000 - 0x0000018127fd5000 	C:\Users\hansu\.openjfx\cache\17.0.2-ea\api-ms-win-crt-math-l1-1-0.dll
0x0000018127fe0000 - 0x0000018127fe5000 	C:\Users\hansu\.openjfx\cache\17.0.2-ea\api-ms-win-crt-multibyte-l1-1-0.dll
0x0000018127ff0000 - 0x0000018128000000 	C:\Users\hansu\.openjfx\cache\17.0.2-ea\api-ms-win-crt-private-l1-1-0.dll
0x000001812a3d0000 - 0x000001812a3d3000 	C:\Users\hansu\.openjfx\cache\17.0.2-ea\api-ms-win-crt-process-l1-1-0.dll
0x000001812a3e0000 - 0x000001812a3e4000 	C:\Users\hansu\.openjfx\cache\17.0.2-ea\api-ms-win-crt-runtime-l1-1-0.dll
0x000001812a3f0000 - 0x000001812a3f4000 	C:\Users\hansu\.openjfx\cache\17.0.2-ea\api-ms-win-crt-stdio-l1-1-0.dll
0x000001812a400000 - 0x000001812a404000 	C:\Users\hansu\.openjfx\cache\17.0.2-ea\api-ms-win-crt-string-l1-1-0.dll
0x000001812a410000 - 0x000001812a413000 	C:\Users\hansu\.openjfx\cache\17.0.2-ea\api-ms-win-crt-time-l1-1-0.dll
0x000001812a420000 - 0x000001812a423000 	C:\Users\hansu\.openjfx\cache\17.0.2-ea\api-ms-win-crt-utility-l1-1-0.dll
0x00007ffefe510000 - 0x00007ffefe60c000 	C:\Users\hansu\.openjfx\cache\17.0.2-ea\ucrtbase.dll
0x00007fff25280000 - 0x00007fff2529a000 	C:\Users\hansu\.openjfx\cache\17.0.2-ea\vcruntime140.dll
0x00007fff28290000 - 0x00007fff2829c000 	C:\Users\hansu\.openjfx\cache\17.0.2-ea\vcruntime140_1.dll
0x00007fff08d50000 - 0x00007fff08ddd000 	C:\Users\hansu\.openjfx\cache\17.0.2-ea\msvcp140.dll
0x00007fff24af0000 - 0x00007fff24b1a000 	C:\Users\hansu\.openjfx\cache\17.0.2-ea\prism_d3d.dll
0x00007ffeeb4d0000 - 0x00007ffeeb676000 	C:\WINDOWS\system32\d3d9.dll
0x00007fff324b0000 - 0x00007fff324df000 	C:\WINDOWS\SYSTEM32\dwmapi.dll
0x00007fff32320000 - 0x00007fff32358000 	C:\WINDOWS\SYSTEM32\dxcore.dll
0x00007fff32210000 - 0x00007fff322bc000 	C:\WINDOWS\system32\uxtheme.dll
0x00007fff2bc60000 - 0x00007fff2be18000 	C:\WINDOWS\System32\DriverStore\FileRepository\u0376209.inf_amd64_b3bdffadea4def3f\B374968\aticfx64.dll
0x00007fff24930000 - 0x00007fff24964000 	C:\WINDOWS\System32\DriverStore\FileRepository\u0376209.inf_amd64_b3bdffadea4def3f\B374968\atiu9p64.dll
0x00007ffed18d0000 - 0x00007ffed2624000 	C:\WINDOWS\System32\DriverStore\FileRepository\u0376209.inf_amd64_b3bdffadea4def3f\B374968\atiumd64.dll
0x00007fff37180000 - 0x00007fff3731a000 	C:\WINDOWS\System32\ole32.dll
0x0000000076b30000 - 0x00000000779a5000 	C:\WINDOWS\System32\DriverStore\FileRepository\u0376209.inf_amd64_b3bdffadea4def3f\B374968\atiumd6a.dll
0x00007fff35e20000 - 0x00007fff3628c000 	C:\WINDOWS\System32\SETUPAPI.dll
0x00007fff33de0000 - 0x00007fff33e2d000 	C:\WINDOWS\SYSTEM32\POWRPROF.dll
0x00007fff33cc0000 - 0x00007fff33cd3000 	C:\WINDOWS\SYSTEM32\UMPDC.dll
0x00007fff29320000 - 0x00007fff29350000 	C:\WINDOWS\SYSTEM32\amdihk64.dll
0x00007fff2f450000 - 0x00007fff2f494000 	C:\WINDOWS\SYSTEM32\directxdatabasehelper.dll
0x00007fff324e0000 - 0x00007fff32514000 	C:\WINDOWS\SYSTEM32\ntmarta.dll
0x00007fff239b0000 - 0x00007fff239f2000 	C:\Users\hansu\.openjfx\cache\17.0.2-ea\glass.dll
0x00007fff35d30000 - 0x00007fff35e1c000 	C:\WINDOWS\System32\COMDLG32.dll
0x00007fff35b80000 - 0x00007fff35c56000 	C:\WINDOWS\System32\OLEAUT32.dll
0x00007fff357d0000 - 0x00007fff358ee000 	C:\WINDOWS\System32\MSCTF.dll
0x00007fff24bc0000 - 0x00007fff24bd4000 	C:\Users\hansu\.openjfx\cache\17.0.2-ea\javafx_font.dll
0x00007fff157d0000 - 0x00007fff15a2f000 	C:\WINDOWS\SYSTEM32\dwrite.dll
0x00007fff34390000 - 0x00007fff343a8000 	C:\WINDOWS\SYSTEM32\CRYPTSP.dll
0x00007fff33bf0000 - 0x00007fff33c25000 	C:\WINDOWS\system32\rsaenh.dll
0x00007fff34230000 - 0x00007fff34259000 	C:\WINDOWS\SYSTEM32\USERENV.dll
0x00007fff34500000 - 0x00007fff34527000 	C:\WINDOWS\SYSTEM32\bcrypt.dll
0x00007fff34380000 - 0x00007fff3438c000 	C:\WINDOWS\SYSTEM32\CRYPTBASE.dll
0x00007fff337c0000 - 0x00007fff337ed000 	C:\WINDOWS\SYSTEM32\IPHLPAPI.DLL
0x00007fff35ce0000 - 0x00007fff35ce9000 	C:\WINDOWS\System32\NSI.dll
0x00007fff2e8c0000 - 0x00007fff2e8d9000 	C:\WINDOWS\SYSTEM32\dhcpcsvc6.DLL
0x00007fff2f430000 - 0x00007fff2f44e000 	C:\WINDOWS\SYSTEM32\dhcpcsvc.DLL
0x00007fff337f0000 - 0x00007fff338d8000 	C:\WINDOWS\SYSTEM32\DNSAPI.dll
0x00007fff225e0000 - 0x00007fff22622000 	C:\Users\hansu\AppData\Local\Temp\jna-99045303\jna17277573201289166781.dll
0x00007fff21e30000 - 0x00007fff21e64000 	C:\Program Files\VideoLAN\VLC\libvlc.dll
0x00007ffee4c90000 - 0x00007ffee4f46000 	C:\Program Files\VideoLAN\VLC\libvlccore.dll
0x00007fff24650000 - 0x00007fff24668000 	C:\Program Files\VideoLAN\VLC\plugins\logger\libfile_logger_plugin.dll

dbghelp: loaded successfully - version: 4.0.5 - missing functions: none
symbol engine: initialized successfully - sym options: 0x614 - pdb path: .;C:\Users\hansu\.jdks\openjdk-17.0.2\bin;C:\WINDOWS\SYSTEM32;C:\WINDOWS\WinSxS\amd64_microsoft.windows.common-controls_6595b64144ccf1df_6.0.22000.120_none_9d947278b86cc467;C:\Users\hansu\.jdks\openjdk-17.0.2\bin\server;C:\Program Files\JetBrains\IntelliJ IDEA Community Edition 2021.3.1\bin;C:\Users\hansu\.openjfx\cache\17.0.2-ea;C:\WINDOWS\System32\DriverStore\FileRepository\u0376209.inf_amd64_b3bdffadea4def3f\B374968;C:\Users\hansu\AppData\Local\Temp\jna-99045303;C:\Program Files\VideoLAN\VLC;C:\Program Files\VideoLAN\VLC\plugins\logger;C:\Program Files\VideoLAN\VLC\plugins\keystore;C:\Program Files\VideoLAN\VLC\plugins\audio_output;C:\Program Files\Common Files\Microsoft Shared\Ink;C:\WINDOWS\WinSxS\amd64_microsoft.windows.gdiplus_6595b64144ccf1df_1.1.22000.675_none_ce846f9a12fab040;C:\Users\hansu\AppData\Local\Microsoft\OneDrive\22.156.0724.0002;C:\Users\hansu\.javacpp\cache\javacpp-1.5.7-windows-x86_64.jar\org\bytedeco\javacpp\windows-x86_64;C:\Users\hansu\.javacpp\cache\ffmpeg-5.0-1.5.7-windows-x86_64.jar\org\bytedeco\ffmpeg\windows-x86_64

VM Arguments:
jvm_args: -javaagent:C:\Program Files\JetBrains\IntelliJ IDEA Community Edition 2021.3.1\lib\idea_rt.jar=63164:C:\Program Files\JetBrains\IntelliJ IDEA Community Edition 2021.3.1\bin -Dfile.encoding=UTF-8 --module-path=C:\Users\hansu\.m2\repository\uk\co\caprica\vlcj-javafx\1.1.0\vlcj-javafx-1.1.0.jar;C:\Users\hansu\.m2\repository\com\jfoenix\jfoenix\9.0.10\jfoenix-9.0.10.jar;C:\Users\hansu\.m2\repository\org\jcodec\jcodec\0.2.5\jcodec-0.2.5.jar;C:\Users\hansu\.m2\repository\org\bytedeco\tesseract\5.0.1-1.5.7\tesseract-5.0.1-1.5.7.jar;C:\Users\hansu\.m2\repository\io\github\palexdev\materialfx\11.13.5\materialfx-11.13.5.jar;C:\Users\hansu\.m2\repository\org\bytedeco\libdc1394\2.2.6-1.5.7\libdc1394-2.2.6-1.5.7.jar;C:\Users\hansu\.m2\repository\org\bytedeco\ffmpeg\5.0-1.5.7\ffmpeg-5.0-1.5.7.jar;C:\Users\hansu\.m2\repository\org\bytedeco\libfreenect2\0.2.0-1.5.7\libfreenect2-0.2.0-1.5.7.jar;C:\Users\hansu\.m2\repository\uk\co\caprica\vlcj-natives\4.7.0\vlcj-natives-4.7.0.jar;C:\Users\hansu\.m2\repository\org\openjfx\javafx-base\17.0.2\javafx-base-17.0.2-win.jar;C:\Users\hansu\.m2\repository\org\openjfx\javafx-controls\17.0.2\javafx-controls-17.0.2-win.jar;C:\Users\hansu\.m2\repository\org\bytedeco\opencv\4.5.5-1.5.7\opencv-4.5.5-1.5.7.jar;C:\Users\hansu\git\javafx-media-player-new\target\classes;C:\Users\hansu\.m2\repository\org\openjfx\javafx-graphics\17.0.2\javafx-graphics-17.0.2-win.jar;C:\Users\hansu\.m2\repository\io\github\palexdev\virtualizedfx\11.2.6\virtualizedfx-11.2.6.jar;C:\Users\hansu\.m2\repository\org\bytedeco\artoolkitplus\2.3.1-1.5.7\artoolkitplus-2.3.1-1.5.7.jar;C:\Users\hansu\.m2\repository\org\bytedeco\librealsense\1.12.4-1.5.7\librealsense-1.12.4-1.5.7.jar;C:\Users\hansu\.m2\repository\org\bytedeco\videoinput\0.200-1.5.7\videoinput-0.200-1.5.7.jar;C:\Users\hansu\.m2\repository\org\bytedeco\javacv\1.5.7\javacv-1.5.7.jar;C:\Users\hansu\.m2\repository\org\bytedeco\libfreenect\0.5.7-1.5.7\libfreenect-0.5.7-1.5.7.jar;C:\Users\hansu\.m2\repository\uk\co\caprica\vlcj\4.7.3\vlcj-4.7.3.jar;C:\Users\hansu\.m2\repository\org\openjfx\javafx-fxml\17.0.2\javafx-fxml-17.0.2-win.jar;C:\Users\hansu\.m2\repository\org\bytedeco\openblas\0.3.19-1.5.7\openblas-0.3.19-1-Djdk.module.main=hans 
java_command: hans/hans.App
java_class_path (initial): C:\Users\hansu\.m2\repository\org\openjfx\javafx-controls\17.0.2\javafx-controls-17.0.2.jar;C:\Users\hansu\.m2\repository\org\openjfx\javafx-fxml\17.0.2\javafx-fxml-17.0.2.jar;C:\Users\hansu\.m2\repository\org\openjfx\javafx-graphics\17.0.2\javafx-graphics-17.0.2.jar;C:\Users\hansu\.m2\repository\org\openjfx\javafx-media\17.0.2\javafx-media-17.0.2.jar;C:\Users\hansu\.m2\repository\org\openjfx\javafx-base\17.0.2\javafx-base-17.0.2.jar;C:\Users\hansu\.m2\repository\org\apache\logging\log4j\log4j-core\2.17.1\log4j-core-2.17.1.jar;C:\Users\hansu\.m2\repository\net\java\dev\jna\jna\5.3.1\jna-5.3.1.jar;C:\Users\hansu\.m2\repository\net\java\dev\jna\jna-platform\5.3.1\jna-platform-5.3.1.jar;C:\Users\hansu\.m2\repository\org\bytedeco\javacv-platform\1.5.7\javacv-platform-1.5.7.jar;C:\Users\hansu\.m2\repository\org\bytedeco\openblas-platform\0.3.19-1.5.7\openblas-platform-0.3.19-1.5.7.jar;C:\Users\hansu\.m2\repository\org\bytedeco\javacpp-platform\1.5.7\javacpp-platform-1.5.7.jar;C:\Users\hansu\.m2\repository\org\bytedeco\javacpp\1.5.7\javacpp-1.5.7-android-arm.jar;C:\Users\hansu\.m2\repository\org\bytedeco\javacpp\1.5.7\javacpp-1.5.7-android-arm64.jar;C:\Users\hansu\.m2\repository\org\bytedeco\javacpp\1.5.7\javacpp-1.5.7-android-x86.jar;C:\Users\hansu\.m2\repository\org\bytedeco\javacpp\1.5.7\javacpp-1.5.7-android-x86_64.jar;C:\Users\hansu\.m2\repository\org\bytedeco\javacpp\1.5.7\javacpp-1.5.7-ios-arm64.jar;C:\Users\hansu\.m2\repository\org\bytedeco\javacpp\1.5.7\javacpp-1.5.7-ios-x86_64.jar;C:\Users\hansu\.m2\repository\org\bytedeco\javacpp\1.5.7\javacpp-1.5.7-linux-armhf.jar;C:\Users\hansu\.m2\repository\org\bytedeco\javacpp\1.5.7\javacpp-1.5.7-linux-arm64.jar;C:\Users\hansu\.m2\repository\org\bytedeco\javacpp\1.5.7\javacpp-1.5.7-linux-ppc64le.jar;C:\Users\hansu\.m2\repository\org\bytedeco\javacpp\1.5.7\javacpp-1.5.7-linux-x86.jar;C:\Users\hansu\.m2\repository\org\bytedeco\javacpp\1.5.7\javacpp-1.5.7-linux-x86_64.jar;C:\Users\hansu\.m2\reposi
Launcher Type: SUN_STANDARD

[Global flags]
     intx CICompilerCount                          = 4                                         {product} {ergonomic}
     uint ConcGCThreads                            = 2                                         {product} {ergonomic}
     uint G1ConcRefinementThreads                  = 8                                         {product} {ergonomic}
   size_t G1HeapRegionSize                         = 2097152                                   {product} {ergonomic}
    uintx GCDrainStackTargetSize                   = 64                                        {product} {ergonomic}
   size_t InitialHeapSize                          = 257949696                                 {product} {ergonomic}
   size_t MarkStackSize                            = 4194304                                   {product} {ergonomic}
   size_t MaxHeapSize                              = 4127195136                                {product} {ergonomic}
   size_t MaxNewSize                               = 2474639360                                {product} {ergonomic}
   size_t MinHeapDeltaBytes                        = 2097152                                   {product} {ergonomic}
   size_t MinHeapSize                              = 8388608                                   {product} {ergonomic}
    uintx NonNMethodCodeHeapSize                   = 5839372                                {pd product} {ergonomic}
    uintx NonProfiledCodeHeapSize                  = 122909434                              {pd product} {ergonomic}
    uintx ProfiledCodeHeapSize                     = 122909434                              {pd product} {ergonomic}
    uintx ReservedCodeCacheSize                    = 251658240                              {pd product} {ergonomic}
     bool SegmentedCodeCache                       = true                                      {product} {ergonomic}
   size_t SoftMaxHeapSize                          = 4127195136                             {manageable} {ergonomic}
     bool UseCompressedClassPointers               = true                           {product lp64_product} {ergonomic}
     bool UseCompressedOops                        = true                           {product lp64_product} {ergonomic}
     bool UseG1GC                                  = true                                      {product} {ergonomic}
     bool UseLargePagesIndividualAllocation        = false                                  {pd product} {ergonomic}

Logging:
Log output configuration:
 #0: stdout all=warning uptime,level,tags
 #1: stderr all=off uptime,level,tags

Environment Variables:
PATH=C:\Python39\Scripts\;C:\Python39\;C:\Program Files (x86)\NVIDIA Corporation\PhysX\Common;C:\Program Files\Common Files\Oracle\Java\javapath;C:\WINDOWS\system32;C:\WINDOWS;C:\WINDOWS\System32\Wbem;C:\WINDOWS\System32\WindowsPowerShell\v1.0\;C:\WINDOWS\System32\OpenSSH\;C:\Program Files (x86)\IDEMIA\AWP\Dlls;C:\Program Files\IDEMIA\AWP\Dlls;C:\Program Files\nodejs\;C:\ProgramData\chocolatey\bin;C:\Program Files\Git\cmd;C:\Users\hansu\AppData\Local\Microsoft\WindowsApps;C:\Users\hansu\AppData\Local\Programs\Microsoft VS Code\bin;C:\Users\hansu\AppData\Roaming\npm;C:\Gradle\gradle-7.2\bin;
USERNAME=hansu
OS=Windows_NT
PROCESSOR_IDENTIFIER=AMD64 Family 23 Model 96 Stepping 1, AuthenticAMD



---------------  S Y S T E M  ---------------

OS:
 Windows 11 , 64 bit Build 22000 (10.0.22000.708)
OS uptime: 4 days 18:22 hours

CPU: total 8 (initial active 8) (8 cores per cpu, 1 threads per core) family 23 model 96 stepping 1 microcode 0x0, cx8, cmov, fxsr, mmx, 3dnowpref, sse, sse2, sse3, ssse3, sse4a, sse4.1, sse4.2, popcnt, lzcnt, tsc, tscinvbit, avx, avx2, aes, clmul, bmi1, bmi2, adx, sha, fma, vzeroupper, clflush, clflushopt

Memory: 4k page, system-wide physical 15741M (3391M free)
TotalPageFile size 30589M (AvailPageFile size 12616M)
current process WorkingSet (physical memory assigned to process): 383M, peak: 404M
current process commit charge ("private bytes"): 453M, peak: 475M

vm_info: OpenJDK 64-Bit Server VM (17.0.2+8-86) for windows-amd64 JRE (17.0.2+8-86), built on Dec  7 2021 21:49:10 by "mach5one" with MS VC++ 16.8 / 16.9 (VS2019)

END.
